<?xml version="1.0" encoding="UTF-8"?>
<robot generator="Robot 6.1.1 (Python 3.8.7 on win32)" generated="20240410 17:06:05.123" rpa="false" schemaversion="4">
<suite id="s1" name="Test" source="C:\Users\eiyar\Desktop\robot\KB\TTB\4\test.robot">
<test id="s1-t1" name="TC007-Verify Night Mode" line="59">
<kw name="OpenAppStart" library="Keyword" type="SETUP">
<kw name="Open Application" library="AppiumLibrary">
<arg>${RemoteURL}</arg>
<arg>platformName=${PlatformName}</arg>
<arg>platformVersion=${PlatformVersion}</arg>
<arg>deviceName=${Devicename}</arg>
<arg>automationName=UiAutomator2</arg>
<arg>newCommandTimeout=2500</arg>
<arg>appPackage=${appPackage}</arg>
<arg>appActivity=${appActivity}</arg>
<doc>Opens a new application to given Appium server.
Capabilities of appium server, Android and iOS,
Please check https://github.com/appium/appium/blob/master/docs/en/writing-running-appium/server-args.md
| *Option*            | *Man.* | *Description*     |
| remote_url          | Yes    | Appium server url |
| alias               | no     | alias             |
| strict_ssl          | No     | allows you to send commands to an invalid certificate host like a self-signed one. |</doc>
<status status="PASS" starttime="20240410 17:06:05.285" endtime="20240410 17:06:12.805"/>
</kw>
<status status="PASS" starttime="20240410 17:06:05.284" endtime="20240410 17:06:12.805"/>
</kw>
<kw name="Click Element" library="AppiumLibrary">
<arg>${Locater_BtnMenu}</arg>
<doc>Click element identified by `locator`.</doc>
<msg timestamp="20240410 17:06:12.807" level="INFO">Clicking element 'xpath=//android.widget.ImageView[@content-desc="More options"]'.</msg>
<msg timestamp="20240410 17:06:13.581" level="INFO">xpath criteria: //android.widget.ImageView[@content-desc="More options"]</msg>
<status status="PASS" starttime="20240410 17:06:12.805" endtime="20240410 17:06:13.581"/>
</kw>
<kw name="Wait Until Element Is Visible" library="AppiumLibrary">
<arg>${Locater_BtnSetting}</arg>
<doc>Waits until element specified with `locator` is visible.</doc>
<msg timestamp="20240410 17:06:14.534" level="INFO">xpath criteria: /hierarchy/android.widget.FrameLayout/android.widget.FrameLayout/android.widget.ListView/android.widget.LinearLayout[1]
xpath criteria: /hierarchy/android.widget.FrameLayout/android.widget.FrameLayout/android.widget.ListView/android.widget.LinearLayout[1]</msg>
<status status="PASS" starttime="20240410 17:06:13.581" endtime="20240410 17:06:14.534"/>
</kw>
<kw name="Click Element" library="AppiumLibrary">
<arg>${Locater_BtnSetting}</arg>
<doc>Click element identified by `locator`.</doc>
<msg timestamp="20240410 17:06:14.536" level="INFO">Clicking element 'xpath=/hierarchy/android.widget.FrameLayout/android.widget.FrameLayout/android.widget.ListView/android.widget.LinearLayout[1]'.</msg>
<msg timestamp="20240410 17:06:15.394" level="INFO">xpath criteria: /hierarchy/android.widget.FrameLayout/android.widget.FrameLayout/android.widget.ListView/android.widget.LinearLayout[1]</msg>
<status status="PASS" starttime="20240410 17:06:14.535" endtime="20240410 17:06:15.394"/>
</kw>
<kw name="Click Element" library="AppiumLibrary">
<arg>${Locater_BtnNight}</arg>
<doc>Click element identified by `locator`.</doc>
<msg timestamp="20240410 17:06:15.396" level="INFO">Clicking element 'id=android:id/checkbox'.</msg>
<msg timestamp="20240410 17:06:16.186" level="INFO">criteria is android:id/checkbox</msg>
<status status="PASS" starttime="20240410 17:06:15.394" endtime="20240410 17:06:16.186"/>
</kw>
<kw name="Click Element" library="AppiumLibrary">
<arg>${Locater_BtnBack}</arg>
<doc>Click element identified by `locator`.</doc>
<msg timestamp="20240410 17:06:16.189" level="INFO">Clicking element 'xpath=//android.widget.ImageButton[@content-desc="Navigate up"]'.</msg>
<msg timestamp="20240410 17:06:16.266" level="INFO">xpath criteria: //android.widget.ImageButton[@content-desc="Navigate up"]</msg>
<status status="PASS" starttime="20240410 17:06:16.187" endtime="20240410 17:06:16.266"/>
</kw>
<kw name="Wait Until Page Contains" library="AppiumLibrary">
<arg>Minimal</arg>
<doc>Waits until `text` appears on current page.</doc>
<status status="PASS" starttime="20240410 17:06:16.266" endtime="20240410 17:06:16.381"/>
</kw>
<kw name="Sleep" library="BuiltIn">
<arg>5</arg>
<doc>Pauses the test executed for the given time.</doc>
<msg timestamp="20240410 17:06:21.382" level="INFO">Slept 5 seconds</msg>
<status status="PASS" starttime="20240410 17:06:16.381" endtime="20240410 17:06:21.382"/>
</kw>
<kw name="Close Application" library="AppiumLibrary" type="TEARDOWN">
<doc>Closes the current application and also close webdriver session.</doc>
<status status="PASS" starttime="20240410 17:06:21.383" endtime="20240410 17:06:21.852"/>
</kw>
<status status="PASS" starttime="20240410 17:06:05.284" endtime="20240410 17:06:21.854"/>
</test>
<status status="PASS" starttime="20240410 17:06:05.124" endtime="20240410 17:06:21.857"/>
</suite>
<statistics>
<total>
<stat pass="1" fail="0" skip="0">All Tests</stat>
</total>
<tag>
</tag>
<suite>
<stat pass="1" fail="0" skip="0" id="s1" name="Test">Test</stat>
</suite>
</statistics>
<errors>
</errors>
</robot>
